<?xml version="1.0" encoding="UTF-8"?>
<!-- Generated by org.testng.reporters.JUnitXMLReporter -->
<testsuite ignored="4" hostname="menna-shokr" failures="0" tests="2" name="Regression Test" time="3.243" errors="0" timestamp="2022-04-26T16:12:44 EET">
  <testcase classname="tests.GetADemoTest" name="GetADemo" time="1.922"/>
  <testcase classname="tests.VeifyClientsLinksTest" name="VeifyClientsLinks" time="1.126"/>
  <testcase classname="tests.TestBase" name="@AfterSuite generateAllure" time="0.0">
    <ignored/>
  </testcase> <!-- @AfterSuite generateAllure -->
  <testcase classname="tests.TestBase" name="@AfterSuite stopdriver" time="0.0">
    <ignored/>
  </testcase> <!-- @AfterSuite stopdriver -->
  <testcase classname="tests.TestBase" name="@BeforeSuite delAllureRes" time="0.0">
    <ignored/>
  </testcase> <!-- @BeforeSuite delAllureRes -->
  <testcase classname="tests.TestBase" name="@BeforeSuite startdriver" time="0.0">
    <ignored/>
  </testcase> <!-- @BeforeSuite startdriver -->
</testsuite> <!-- Regression Test -->
